<?xml version="1.0" encoding="UTF-8"?>
<!-- Generated by org.testng.reporters.JUnitReportReporter -->
<testsuite hostname="a25595" name="testCases.Sanity" tests="1" failures="0" timestamp="26 Mar 2018 07:23:55 GMT" time="5.933" errors="0">
  <testcase name="assertlineBetweenOriginClear" time="5.933" classname="testCases.Sanity"/>
</testsuite> <!-- testCases.Sanity -->
