<?xml version="1.0" encoding="UTF-8"?>
<!-- Generated by org.testng.reporters.JUnitReportReporter -->
<testsuite hostname="a25595" name="testCases.Sanity" tests="1" failures="0" timestamp="1 Feb 2018 09:00:09 GMT" time="8.247" errors="0">
  <testcase name="f" time="8.247" classname="testCases.Sanity"/>
</testsuite> <!-- testCases.Sanity -->
